[06:57:56] [ServerMain/INFO]: [bootstrap] Running Java 21 (OpenJDK 64-Bit Server VM 21.0.7+6-Ubuntu-0ubuntu120.04; Ubuntu null) on Linux 6.8.0-1027-azure (amd64)
[06:57:56] [ServerMain/INFO]: [bootstrap] Loading Paper 1.21.4-231-ver/1.21.4@09e9afd (2025-05-19T17:59:36Z) for Minecraft 1.21.4
[06:57:56] [ServerMain/INFO]: [PluginInitializerManager] Initializing plugins...
[06:57:56] [ServerMain/INFO]: [PluginInitializerManager] Initialized 0 plugins
[06:57:57] [Paper Plugin Remapper Thread - 0/INFO]: [ReobfServer] Remapping server...
[06:58:03] [ServerMain/INFO]: Environment: Environment[sessionHost=https://sessionserver.mojang.com, servicesHost=https://api.minecraftservices.com, name=PROD]
[06:58:03] [ServerMain/INFO]: Found new data pack file/bukkit, loading it automatically
[06:58:03] [ServerMain/INFO]: Found new data pack paper, loading it automatically
[06:58:05] [ServerMain/INFO]: No existing world data, creating new world
[06:58:06] [Paper Plugin Remapper Thread - 0/INFO]: [ReobfServer] Done remapping server in 8520ms.
[06:58:06] [ServerMain/INFO]: Loaded 1370 recipes
[06:58:06] [ServerMain/INFO]: Loaded 1481 advancements
[06:58:06] [ServerMain/INFO]: [MCTypeRegistry] Initialising converters for DataConverter...
[06:58:06] [ServerMain/INFO]: [MCTypeRegistry] Finished initialising converters for DataConverter in 291.7ms
[06:58:06] [Server thread/INFO]: Starting minecraft server version 1.21.4
[06:58:06] [Server thread/INFO]: Loading properties
[06:58:06] [Server thread/INFO]: This server is running Paper version 1.21.4-231-ver/1.21.4@09e9afd (2025-05-19T17:59:36Z) (Implementing API version 1.21.4-R0.1-SNAPSHOT)
[06:58:06] [Server thread/INFO]: [spark] This server bundles the spark profiler. For more information please visit https://docs.papermc.io/paper/profiling
[06:58:06] [Server thread/INFO]: Server Ping Player Sample Count: 12
[06:58:06] [Server thread/INFO]: Using 4 threads for Netty based IO
[06:58:07] [Server thread/INFO]: [MoonriseCommon] Paper is using 1 worker threads, 1 I/O threads
[06:58:07] [Server thread/INFO]: [ChunkTaskScheduler] Chunk system is using population gen parallelism: true
[06:58:07] [Server thread/INFO]: Default game type: SURVIVAL
[06:58:07] [Server thread/INFO]: Generating keypair
[06:58:07] [Server thread/INFO]: Starting Minecraft server on *:25565
[06:58:07] [Server thread/INFO]: Using epoll channel type
[06:58:07] [Server thread/INFO]: Paper: Using libdeflate (Linux x86_64) compression from Velocity.
[06:58:07] [Server thread/INFO]: Paper: Using OpenSSL 1.1.x (Linux x86_64) cipher from Velocity.
[06:58:07] [Server thread/WARN]: **** SERVER IS RUNNING IN OFFLINE/INSECURE MODE!
[06:58:07] [Server thread/WARN]: The server will make no attempt to authenticate usernames. Beware.
[06:58:07] [Server thread/WARN]: While this makes the game possible to play without internet access, it also opens up the ability for hackers to connect with any username they choose.
[06:58:07] [Server thread/WARN]: To change this, set "online-mode" to "true" in the server.properties file.
[06:58:07] [Server thread/INFO]: Preparing level "world"
[06:58:18] [Server thread/INFO]: Preparing start region for dimension minecraft:overworld
[06:58:18] [Server thread/INFO]: Preparing spawn area: 2%
[06:58:19] [Server thread/INFO]: Preparing spawn area: 2%
[06:58:19] [Server thread/INFO]: Preparing spawn area: 2%
[06:58:20] [Server thread/INFO]: Preparing spawn area: 2%
[06:58:20] [Server thread/INFO]: Preparing spawn area: 4%
[06:58:21] [Server thread/INFO]: Preparing spawn area: 18%
[06:58:21] [Server thread/INFO]: Preparing spawn area: 18%
[06:58:22] [Server thread/INFO]: Preparing spawn area: 18%
[06:58:22] [Server thread/INFO]: Preparing spawn area: 36%
[06:58:23] [Server thread/INFO]: Preparing spawn area: 38%
[06:58:23] [Server thread/INFO]: Preparing spawn area: 51%
[06:58:24] [Server thread/INFO]: Preparing spawn area: 51%
[06:58:24] [Server thread/INFO]: Preparing spawn area: 51%
[06:58:25] [Server thread/INFO]: Preparing spawn area: 73%
[06:58:25] [Server thread/INFO]: Time elapsed: 6612 ms
[06:58:25] [Server thread/INFO]: Preparing start region for dimension minecraft:the_nether
[06:58:25] [Server thread/INFO]: Preparing spawn area: 2%
[06:58:25] [Server thread/INFO]: Preparing spawn area: 18%
[06:58:26] [Server thread/INFO]: Preparing spawn area: 34%
[06:58:26] [Server thread/INFO]: Preparing spawn area: 73%
[06:58:26] [Server thread/INFO]: Time elapsed: 1524 ms
[06:58:26] [Server thread/INFO]: Preparing start region for dimension minecraft:the_end
[06:58:26] [Server thread/INFO]: Preparing spawn area: 2%
[06:58:27] [Server thread/INFO]: Preparing spawn area: 51%
[06:58:27] [Server thread/INFO]: Time elapsed: 613 ms
[06:58:27] [Server thread/INFO]: [spark] Starting background profiler...
[06:58:27] [Server thread/INFO]: Done preparing level "world" (19.834s)
[06:58:27] [Server thread/INFO]: Running delayed init tasks
[06:58:27] [Server thread/INFO]: Done (32.330s)! For help, type "help"
[06:58:27] [Server thread/INFO]: *************************************************************************************
[06:58:27] [Server thread/INFO]: This is the first time you're starting this server.
[06:58:27] [Server thread/INFO]: It's recommended you read our 'Getting Started' documentation for guidance.
[06:58:27] [Server thread/INFO]: View this and more helpful information here: https://docs.papermc.io/paper/next-steps
[06:58:27] [Server thread/INFO]: *************************************************************************************
[07:03:45] [Server thread/INFO]: Unknown or incomplete command, see below for error
x<--[HERE]
[07:05:41] [Server thread/INFO]: Unknown or incomplete command, see below for error
exit<--[HERE]
